апр. 24, 2023 3:15:22 PM Lesson_2_2 main
INFO: Начало логирования: 
апр. 24, 2023 3:15:22 PM Lesson_2_2 main
INFO: Начальный массив: [6, 0, 14, 12, 6]
апр. 24, 2023 3:15:22 PM Lesson_2_2 main
INFO: Действие 1: [0, 6, 14, 12, 6]
апр. 24, 2023 3:15:22 PM Lesson_2_2 main
INFO: Действие 2: [0, 6, 14, 12, 6]
апр. 24, 2023 3:15:22 PM Lesson_2_2 main
INFO: Действие 3: [0, 6, 14, 12, 6]
апр. 24, 2023 3:15:22 PM Lesson_2_2 main
INFO: Действие 4: [0, 6, 14, 12, 6]
апр. 24, 2023 3:15:22 PM Lesson_2_2 main
INFO: Действие 5: [0, 6, 14, 12, 6]
апр. 24, 2023 3:15:22 PM Lesson_2_2 main
INFO: Действие 6: [0, 6, 14, 12, 6]
апр. 24, 2023 3:15:22 PM Lesson_2_2 main
INFO: Действие 7: [0, 6, 14, 12, 6]
апр. 24, 2023 3:15:22 PM Lesson_2_2 main
INFO: Действие 8: [0, 6, 12, 14, 6]
апр. 24, 2023 3:15:22 PM Lesson_2_2 main
INFO: Действие 9: [0, 6, 6, 14, 12]
апр. 24, 2023 3:15:22 PM Lesson_2_2 main
INFO: Действие 10: [0, 6, 6, 12, 14]
апр. 24, 2023 3:15:22 PM Lesson_2_2 main
INFO: Конечный массив: [0, 6, 6, 12, 14]
